0 info it worked if it ends with ok
1 verbose cli [ '/usr/local/Cellar/iojs/2.3.1/bin/iojs',
1 verbose cli   '/usr/local/bin/npm',
1 verbose cli   'start',
1 verbose cli   'examples' ]
2 info using npm@2.8.4
3 info using node@v2.3.1
4 verbose stack Error: missing script: start
4 verbose stack     at run (/usr/local/lib/node_modules/npm/lib/run-script.js:165:19)
4 verbose stack     at /usr/local/lib/node_modules/npm/lib/run-script.js:81:5
4 verbose stack     at /usr/local/lib/node_modules/npm/node_modules/read-package-json/read-json.js:345:5
4 verbose stack     at checkBinReferences_ (/usr/local/lib/node_modules/npm/node_modules/read-package-json/read-json.js:309:45)
4 verbose stack     at final (/usr/local/lib/node_modules/npm/node_modules/read-package-json/read-json.js:343:3)
4 verbose stack     at then (/usr/local/lib/node_modules/npm/node_modules/read-package-json/read-json.js:113:5)
4 verbose stack     at /usr/local/lib/node_modules/npm/node_modules/read-package-json/read-json.js:300:12
4 verbose stack     at FSReqWrap.readFileAfterClose [as oncomplete] (evalmachine.<anonymous>:380:3)
5 verbose cwd /Users/tomhirschfeld/projects/react-scroll
6 error Darwin 14.3.0
7 error argv "/usr/local/Cellar/iojs/2.3.1/bin/iojs" "/usr/local/bin/npm" "start" "examples"
8 error node v2.3.1
9 error npm  v2.8.4
10 error missing script: start
11 error If you need help, you may report this error at:
11 error     <https://github.com/npm/npm/issues>
12 verbose exit [ 1, true ]
